<?xml version="1.0" encoding="UTF-8"?>
<!-- Generated by org.testng.reporters.JUnitReportReporter -->
<testsuite hostname="DESKTOP-C2KA6PM" failures="0" tests="1" name="com.virtusa.QuestionNumber5.AutomateFlightBookTest" time="31.923" errors="0" timestamp="2025-01-25T00:24:13 IST" skipped="0">
  <testcase classname="com.virtusa.QuestionNumber5.AutomateFlightBookTest" name="flightSearchAutomation" time="31.923"/>
</testsuite> <!-- com.virtusa.QuestionNumber5.AutomateFlightBookTest -->
